;  LST file generated by mikroListExporter - v.2.0 
; Date/Time: 2015-07-19 ¿ÀÈÄ 4:02:09
;----------------------------------------------

;Address Opcode 	ASM
0x0000	0x28BE      	GOTO       190
_Interrupt:
0x0004	0x00DF      	MOVWF      R15
0x0005	0x0E03      	SWAPF      STATUS, 0
0x0006	0x0183      	CLRF       STATUS
0x0007	0x00B7      	MOVWF      ___saveSTATUS
0x0008	0x080A      	MOVF       PCLATH, 0
0x0009	0x00B2      	MOVWF      ___savePCLATH
0x000A	0x018A      	CLRF       PCLATH
0x000B	0x0850      	MOVF       R0, 0
0x000C	0x00A0      	MOVWF      32
;12f675-PwmFet.mpas,71 :: 		begin
;12f675-PwmFet.mpas,72 :: 		if T0IF_bit=1 then begin
0x000D	0x1D0B      	BTFSS      T0IF_bit, BitPos(T0IF_bit+0)
0x000E	0x2826      	GOTO       L__Interrupt2
;12f675-PwmFet.mpas,74 :: 		if PWM_SIG=1 then begin
0x000F	0x1283      	BCF        STATUS, 5
0x0010	0x1C05      	BTFSS      GP0_bit, BitPos(GP0_bit+0)
0x0011	0x2821      	GOTO       L__Interrupt5
;12f675-PwmFet.mpas,75 :: 		ON_PWM:=VOL_PWM;
0x0012	0x0834      	MOVF       _VOL_PWM, 0
0x0013	0x00B5      	MOVWF      _ON_PWM
;12f675-PwmFet.mpas,76 :: 		if ON_PWM=0 then
0x0014	0x0834      	MOVF       _VOL_PWM, 0
0x0015	0x3A00      	XORLW      0
0x0016	0x1D03      	BTFSS      STATUS, 2
0x0017	0x281B      	GOTO       L__Interrupt8
;12f675-PwmFet.mpas,77 :: 		TMR0:=ON_PWM
0x0018	0x0835      	MOVF       _ON_PWM, 0
0x0019	0x0081      	MOVWF      TMR0
0x001A	0x2820      	GOTO       L__Interrupt9
;12f675-PwmFet.mpas,78 :: 		else begin
L__Interrupt8:
;12f675-PwmFet.mpas,79 :: 		TMR0:=PWM_MAX-ON_PWM;
0x001B	0x0835      	MOVF       _ON_PWM, 0
0x001C	0x3CFF      	SUBLW      255
0x001D	0x0081      	MOVWF      TMR0
;12f675-PwmFet.mpas,80 :: 		PWM_SYNC:=0;
0x001E	0x1285      	BCF        GP5_bit, BitPos(GP5_bit+0)
;12f675-PwmFet.mpas,81 :: 		PWM_SIG:=0;
0x001F	0x1005      	BCF        GP0_bit, BitPos(GP0_bit+0)
;12f675-PwmFet.mpas,82 :: 		end;
L__Interrupt9:
;12f675-PwmFet.mpas,83 :: 		end else begin
0x0020	0x2825      	GOTO       L__Interrupt6
L__Interrupt5:
;12f675-PwmFet.mpas,84 :: 		TMR0:=ON_PWM;
0x0021	0x0835      	MOVF       _ON_PWM, 0
0x0022	0x0081      	MOVWF      TMR0
;12f675-PwmFet.mpas,85 :: 		PWM_SIG:=1;
0x0023	0x1405      	BSF        GP0_bit, BitPos(GP0_bit+0)
;12f675-PwmFet.mpas,86 :: 		PWM_SYNC:=1;
0x0024	0x1685      	BSF        GP5_bit, BitPos(GP5_bit+0)
;12f675-PwmFet.mpas,87 :: 		end;
L__Interrupt6:
;12f675-PwmFet.mpas,88 :: 		T0IF_bit:=0;
0x0025	0x110B      	BCF        T0IF_bit, BitPos(T0IF_bit+0)
;12f675-PwmFet.mpas,89 :: 		end;
L__Interrupt2:
0x0026	0x1283      	BCF        STATUS, 5
;12f675-PwmFet.mpas,90 :: 		if T1IF_bit=1 then begin
0x0027	0x1C0C      	BTFSS      T1IF_bit, BitPos(T1IF_bit+0)
0x0028	0x282F      	GOTO       L__Interrupt11
;12f675-PwmFet.mpas,91 :: 		Inc(TICK_1000);
0x0029	0x0AB1      	INCF       _TICK_1000, 1
;12f675-PwmFet.mpas,92 :: 		TMR1L:=TMR1L_LOAD;
0x002A	0x3038      	MOVLW      56
0x002B	0x008E      	MOVWF      TMR1L
;12f675-PwmFet.mpas,93 :: 		TMR1H:=TMR1H_LOAD;
0x002C	0x30FC      	MOVLW      252
0x002D	0x008F      	MOVWF      TMR1H
;12f675-PwmFet.mpas,94 :: 		T1IF_bit:=0;
0x002E	0x100C      	BCF        T1IF_bit, BitPos(T1IF_bit+0)
;12f675-PwmFet.mpas,95 :: 		end;
L__Interrupt11:
;12f675-PwmFet.mpas,96 :: 		end;
L_end_Interrupt:
L__Interrupt84:
0x002F	0x0820      	MOVF       32, 0
0x0030	0x00D0      	MOVWF      R0
0x0031	0x0832      	MOVF       ___savePCLATH, 0
0x0032	0x008A      	MOVWF      PCLATH
0x0033	0x0E37      	SWAPF      ___saveSTATUS, 0
0x0034	0x0083      	MOVWF      STATUS
0x0035	0x0EDF      	SWAPF      R15, 1
0x0036	0x0E5F      	SWAPF      R15, 0
0x0037	0x0009      	RETFIE
; end of _Interrupt
_Delay_22us:
;__Lib_Delays.mpas,39 :: 		begin
;__Lib_Delays.mpas,40 :: 		Delay_us(22);
0x0038	0x3007      	MOVLW      7
0x0039	0x1283      	BCF        STATUS, 5
0x003A	0x00DD      	MOVWF      R13
L__Delay_22us5:
0x003B	0x0BDD      	DECFSZ     R13, 1
0x003C	0x283B      	GOTO       L__Delay_22us5
;__Lib_Delays.mpas,41 :: 		end;
L_end_Delay_22us:
0x003D	0x0008      	RETURN
; end of _Delay_22us
_Delay_10ms:
;__Lib_Delays.mpas,84 :: 		begin
;__Lib_Delays.mpas,85 :: 		Delay_ms(10);
0x003E	0x300D      	MOVLW      13
0x003F	0x1283      	BCF        STATUS, 5
0x0040	0x00DC      	MOVWF      R12
0x0041	0x30FB      	MOVLW      251
0x0042	0x00DD      	MOVWF      R13
L__Delay_10ms23:
0x0043	0x0BDD      	DECFSZ     R13, 1
0x0044	0x2843      	GOTO       L__Delay_10ms23
0x0045	0x0BDC      	DECFSZ     R12, 1
0x0046	0x2843      	GOTO       L__Delay_10ms23
0x0047	0x0000      	NOP
0x0048	0x0000      	NOP
;__Lib_Delays.mpas,86 :: 		end;
L_end_Delay_10ms:
0x0049	0x0008      	RETURN
; end of _Delay_10ms
_Delay1ms:
;12f675-PwmFet.mpas,101 :: 		begin
;12f675-PwmFet.mpas,102 :: 		if limit>0 then begin
0x004A	0x1283      	BCF        STATUS, 5
0x004B	0x083A      	MOVF       FARG_Delay1ms_limit, 0
0x004C	0x3C00      	SUBLW      0
0x004D	0x1803      	BTFSC      STATUS, 0
0x004E	0x286B      	GOTO       L__Delay1ms15
;12f675-PwmFet.mpas,103 :: 		ts:=TICK_1000;
0x004F	0x0831      	MOVF       _TICK_1000, 0
0x0050	0x00D2      	MOVWF      R2
;12f675-PwmFet.mpas,104 :: 		if t<=ts then
0x0051	0x0839      	MOVF       FARG_Delay1ms_t, 0
0x0052	0x0084      	MOVWF      FSR
0x0053	0x0800      	MOVF       INDF, 0
0x0054	0x0231      	SUBWF      _TICK_1000, 0
0x0055	0x1C03      	BTFSS      STATUS, 0
0x0056	0x285C      	GOTO       L__Delay1ms18
;12f675-PwmFet.mpas,105 :: 		ts:=ts-t
0x0057	0x0839      	MOVF       FARG_Delay1ms_t, 0
0x0058	0x0084      	MOVWF      FSR
0x0059	0x0800      	MOVF       INDF, 0
0x005A	0x02D2      	SUBWF      R2, 1
0x005B	0x2864      	GOTO       L__Delay1ms19
;12f675-PwmFet.mpas,106 :: 		else
L__Delay1ms18:
;12f675-PwmFet.mpas,107 :: 		ts:=255-t+1+ts;
0x005C	0x0839      	MOVF       FARG_Delay1ms_t, 0
0x005D	0x0084      	MOVWF      FSR
0x005E	0x0800      	MOVF       INDF, 0
0x005F	0x3CFF      	SUBLW      255
0x0060	0x00D0      	MOVWF      R0
0x0061	0x0AD0      	INCF       R0, 1
0x0062	0x0850      	MOVF       R0, 0
0x0063	0x07D2      	ADDWF      R2, 1
L__Delay1ms19:
;12f675-PwmFet.mpas,108 :: 		Result:=ts>=limit;
0x0064	0x083A      	MOVF       FARG_Delay1ms_limit, 0
0x0065	0x0252      	SUBWF      R2, 0
0x0066	0x30FF      	MOVLW      255
0x0067	0x1C03      	BTFSS      STATUS, 0
0x0068	0x3000      	MOVLW      0
0x0069	0x00D1      	MOVWF      R1
;12f675-PwmFet.mpas,109 :: 		end else
0x006A	0x286D      	GOTO       L__Delay1ms16
L__Delay1ms15:
;12f675-PwmFet.mpas,110 :: 		Result:=True;
0x006B	0x30FF      	MOVLW      255
0x006C	0x00D1      	MOVWF      R1
L__Delay1ms16:
;12f675-PwmFet.mpas,111 :: 		if Result then
0x006D	0x0851      	MOVF       R1, 0
0x006E	0x1903      	BTFSC      STATUS, 2
0x006F	0x2874      	GOTO       L__Delay1ms21
;12f675-PwmFet.mpas,112 :: 		t:=TICK_1000;
0x0070	0x0839      	MOVF       FARG_Delay1ms_t, 0
0x0071	0x0084      	MOVWF      FSR
0x0072	0x0831      	MOVF       _TICK_1000, 0
0x0073	0x0080      	MOVWF      INDF
L__Delay1ms21:
;12f675-PwmFet.mpas,113 :: 		end;
0x0074	0x0851      	MOVF       R1, 0
0x0075	0x00D0      	MOVWF      R0
L_end_Delay1ms:
0x0076	0x0008      	RETURN
; end of _Delay1ms
_ADC_Read:
;__Lib_ADC_A_E.mpas,60 :: 		
;__Lib_ADC_A_E.mpas,61 :: 		
0x0077	0x30C3      	MOVLW      195
0x0078	0x1283      	BCF        STATUS, 5
0x0079	0x059F      	ANDWF      ADCON0, 1
;__Lib_ADC_A_E.mpas,66 :: 		
0x007A	0x30F0      	MOVLW      240
0x007B	0x059F      	ANDWF      ADCON0, 1
;__Lib_ADC_A_E.mpas,67 :: 		
0x007C	0x30F0      	MOVLW      240
0x007D	0x1683      	BSF        STATUS, 5
0x007E	0x049F      	IORWF      ANSEL, 1
;__Lib_ADC_A_E.mpas,68 :: 		
0x007F	0x1283      	BCF        STATUS, 5
0x0080	0x179F      	BSF        ADCON0, 7
;__Lib_ADC_A_E.mpas,69 :: 		
0x0081	0x0839      	MOVF       FARG_ADC_Read_channel, 0
0x0082	0x00D0      	MOVWF      R0
0x0083	0x0DD0      	RLF        R0, 1
0x0084	0x1050      	BCF        R0, 0
0x0085	0x0DD0      	RLF        R0, 1
0x0086	0x1050      	BCF        R0, 0
0x0087	0x0850      	MOVF       R0, 0
0x0088	0x049F      	IORWF      ADCON0, 1
;__Lib_ADC_A_E.mpas,72 :: 		
0x0089	0x141F      	BSF        ADCON0, 0
;__Lib_ADC_A_E.mpas,75 :: 		
0x008A	0x2038      	CALL       _Delay_22us
;__Lib_ADC_A_E.mpas,78 :: 		
0x008B	0x149F      	BSF        ADCON0, 1
;__Lib_ADC_A_E.mpas,81 :: 		
L__ADC_Read9:
0x008C	0x1C9F      	BTFSS      ADCON0, 1
0x008D	0x2890      	GOTO       L__ADC_Read10
0x008E	0x0000      	NOP
0x008F	0x288C      	GOTO       L__ADC_Read9
L__ADC_Read10:
;__Lib_ADC_A_E.mpas,84 :: 		
0x0090	0x101F      	BCF        ADCON0, 0
;__Lib_ADC_A_E.mpas,87 :: 		
0x0091	0x081E      	MOVF       ADRESH, 0
0x0092	0x00D1      	MOVWF      R0+1
0x0093	0x01D0      	CLRF       R0
0x0094	0x1683      	BSF        STATUS, 5
0x0095	0x081E      	MOVF       ADRESL, 0
0x0096	0x0450      	IORWF      R0, 0
0x0097	0x00BA      	MOVWF      ADC_Read_local_result
0x0098	0x0851      	MOVF       R0+1, 0
0x0099	0x00BB      	MOVWF      ADC_Read_local_result+1
0x009A	0x3000      	MOVLW      0
0x009B	0x04BB      	IORWF      ADC_Read_local_result+1, 1
;__Lib_ADC_A_E.mpas,89 :: 		
0x009C	0x083A      	MOVF       ADC_Read_local_result, 0
0x009D	0x00D0      	MOVWF      R0
0x009E	0x083B      	MOVF       ADC_Read_local_result+1, 0
0x009F	0x00D1      	MOVWF      R0+1
L_end_ADC_Read:
0x00A0	0x0008      	RETURN
; end of _ADC_Read
_Div_16x16_U:
;__Lib_Math.mpas,207 :: 		
;__Lib_Math.mpas,213 :: 		
0x00A1	0x1283      	BCF        STATUS, 5
;__Lib_Math.mpas,214 :: 		
0x00A2	0x1303      	BCF        STATUS, 6
;__Lib_Math.mpas,215 :: 		
0x00A3	0x01D8      	CLRF       R8
;__Lib_Math.mpas,216 :: 		
0x00A4	0x01D9      	CLRF       R9
;__Lib_Math.mpas,217 :: 		
0x00A5	0x3010      	MOVLW      16
;__Lib_Math.mpas,218 :: 		
0x00A6	0x00DC      	MOVWF      R12
;__Lib_Math.mpas,219 :: 		
0x00A7	0x0D51      	RLF        R1, 0
;__Lib_Math.mpas,220 :: 		
0x00A8	0x0DD8      	RLF        R8, 1
;__Lib_Math.mpas,221 :: 		
0x00A9	0x0DD9      	RLF        R9, 1
;__Lib_Math.mpas,222 :: 		
0x00AA	0x0854      	MOVF       R4, 0
;__Lib_Math.mpas,223 :: 		
0x00AB	0x02D8      	SUBWF      R8, 1
;__Lib_Math.mpas,224 :: 		
0x00AC	0x0855      	MOVF       R5, 0
;__Lib_Math.mpas,225 :: 		
0x00AD	0x1C03      	BTFSS      STATUS, 0
;__Lib_Math.mpas,226 :: 		
0x00AE	0x0F55      	INCFSZ     R5, 0
;__Lib_Math.mpas,227 :: 		
0x00AF	0x02D9      	SUBWF      R9, 1
;__Lib_Math.mpas,228 :: 		
0x00B0	0x1803      	BTFSC      STATUS, 0
;__Lib_Math.mpas,229 :: 		
0x00B1	0x28B9      	GOTO       $+8
;__Lib_Math.mpas,230 :: 		
0x00B2	0x0854      	MOVF       R4, 0
;__Lib_Math.mpas,231 :: 		
0x00B3	0x07D8      	ADDWF      R8, 1
;__Lib_Math.mpas,232 :: 		
0x00B4	0x0855      	MOVF       R5, 0
;__Lib_Math.mpas,233 :: 		
0x00B5	0x1803      	BTFSC      STATUS, 0
;__Lib_Math.mpas,234 :: 		
0x00B6	0x0F55      	INCFSZ     R5, 0
;__Lib_Math.mpas,235 :: 		
0x00B7	0x07D9      	ADDWF      R9, 1
;__Lib_Math.mpas,236 :: 		
0x00B8	0x1003      	BCF        STATUS, 0
;__Lib_Math.mpas,237 :: 		
0x00B9	0x0DD0      	RLF        R0, 1
;__Lib_Math.mpas,238 :: 		
0x00BA	0x0DD1      	RLF        R1, 1
;__Lib_Math.mpas,239 :: 		
0x00BB	0x0BDC      	DECFSZ     R12, 1
;__Lib_Math.mpas,240 :: 		
0x00BC	0x28A7      	GOTO       $-21
;__Lib_Math.mpas,242 :: 		
L_end_Div_16x16_U:
0x00BD	0x0008      	RETURN
; end of _Div_16x16_U
_main:
;12f675-PwmFet.mpas,115 :: 		begin
;12f675-PwmFet.mpas,116 :: 		CMCON:=7;
0x00BE	0x3007      	MOVLW      7
0x00BF	0x1283      	BCF        STATUS, 5
0x00C0	0x0099      	MOVWF      CMCON
;12f675-PwmFet.mpas,117 :: 		ANSEL:=%00000010;
0x00C1	0x3002      	MOVLW      2
0x00C2	0x1683      	BSF        STATUS, 5
0x00C3	0x009F      	MOVWF      ANSEL
;12f675-PwmFet.mpas,119 :: 		TRISIO0_bit:=0;
0x00C4	0x1005      	BCF        TRISIO0_bit, BitPos(TRISIO0_bit+0)
;12f675-PwmFet.mpas,120 :: 		TRISIO1_bit:=1;
0x00C5	0x1485      	BSF        TRISIO1_bit, BitPos(TRISIO1_bit+0)
;12f675-PwmFet.mpas,121 :: 		TRISIO2_bit:=0;
0x00C6	0x1105      	BCF        TRISIO2_bit, BitPos(TRISIO2_bit+0)
;12f675-PwmFet.mpas,122 :: 		TRISIO5_bit:=0;  // PWM_SYNC
0x00C7	0x1285      	BCF        TRISIO5_bit, BitPos(TRISIO5_bit+0)
;12f675-PwmFet.mpas,123 :: 		LED1:=0;
0x00C8	0x1283      	BCF        STATUS, 5
0x00C9	0x1105      	BCF        GP2_bit, BitPos(GP2_bit+0)
;12f675-PwmFet.mpas,124 :: 		PWM_SIG:=1;
0x00CA	0x1405      	BSF        GP0_bit, BitPos(GP0_bit+0)
;12f675-PwmFet.mpas,125 :: 		PWM_SYNC:=0;
0x00CB	0x1285      	BCF        GP5_bit, BitPos(GP5_bit+0)
;12f675-PwmFet.mpas,126 :: 		LED1_tm:=250;
0x00CC	0x30FA      	MOVLW      250
0x00CD	0x00B3      	MOVWF      _LED1_tm
;12f675-PwmFet.mpas,127 :: 		LED1_Toggle:=True;
0x00CE	0x30FF      	MOVLW      255
0x00CF	0x00B6      	MOVWF      _LED1_Toggle
;12f675-PwmFet.mpas,128 :: 		ON_PWM:=0;
0x00D0	0x01B5      	CLRF       _ON_PWM
;12f675-PwmFet.mpas,129 :: 		VOL_PWM:=0;
0x00D1	0x01B4      	CLRF       _VOL_PWM
;12f675-PwmFet.mpas,130 :: 		out_short:=False;
0x00D2	0x01B0      	CLRF       _out_short
;12f675-PwmFet.mpas,131 :: 		short_count:=cShort_Recover*2;
0x00D3	0x301C      	MOVLW      28
0x00D4	0x00A2      	MOVWF      _short_count
;12f675-PwmFet.mpas,132 :: 		short_check:=False;
0x00D5	0x01A1      	CLRF       _short_check
;12f675-PwmFet.mpas,133 :: 		TICK_1000:=0;
0x00D6	0x01B1      	CLRF       _TICK_1000
;12f675-PwmFet.mpas,134 :: 		LED_TMCount:=0;
0x00D7	0x01A4      	CLRF       _LED_TMCount
;12f675-PwmFet.mpas,135 :: 		ADC_Delay:=0;
0x00D8	0x01A3      	CLRF       _ADC_Delay
;12f675-PwmFet.mpas,137 :: 		OPTION_REG:=%01010000;        // ~2KHz @ 4MHz, enable weak pull-up
0x00D9	0x3050      	MOVLW      80
0x00DA	0x1683      	BSF        STATUS, 5
0x00DB	0x0081      	MOVWF      OPTION_REG
;12f675-PwmFet.mpas,139 :: 		WPU4_bit:=1;
0x00DC	0x1615      	BSF        WPU4_bit, BitPos(WPU4_bit+0)
;12f675-PwmFet.mpas,141 :: 		TMR0IE_bit:=1;
0x00DD	0x168B      	BSF        TMR0IE_bit, BitPos(TMR0IE_bit+0)
;12f675-PwmFet.mpas,142 :: 		PEIE_bit:=1;
0x00DE	0x170B      	BSF        PEIE_bit, BitPos(PEIE_bit+0)
;12f675-PwmFet.mpas,143 :: 		TMR1CS_bit:=0;
0x00DF	0x1283      	BCF        STATUS, 5
0x00E0	0x1090      	BCF        TMR1CS_bit, BitPos(TMR1CS_bit+0)
;12f675-PwmFet.mpas,144 :: 		TMR1IE_bit:=1;
0x00E1	0x1683      	BSF        STATUS, 5
0x00E2	0x140C      	BSF        TMR1IE_bit, BitPos(TMR1IE_bit+0)
;12f675-PwmFet.mpas,145 :: 		TMR1L:=TMR1L_LOAD;
0x00E3	0x3038      	MOVLW      56
0x00E4	0x1283      	BCF        STATUS, 5
0x00E5	0x008E      	MOVWF      TMR1L
;12f675-PwmFet.mpas,146 :: 		TMR1H:=TMR1H_LOAD;
0x00E6	0x30FC      	MOVLW      252
0x00E7	0x008F      	MOVWF      TMR1H
;12f675-PwmFet.mpas,147 :: 		TMR1ON_bit:=1;
0x00E8	0x1410      	BSF        TMR1ON_bit, BitPos(TMR1ON_bit+0)
;12f675-PwmFet.mpas,148 :: 		GIE_bit:=1;      // enable Interrupt
0x00E9	0x178B      	BSF        GIE_bit, BitPos(GIE_bit+0)
;12f675-PwmFet.mpas,150 :: 		LED1_Timer:=TICK_1000;
0x00EA	0x01A5      	CLRF       _LED1_Timer
;12f675-PwmFet.mpas,151 :: 		ADC_Timer:=TICK_1000;
0x00EB	0x01AD      	CLRF       _ADC_Timer
;12f675-PwmFet.mpas,152 :: 		short_Timer:=TICK_1000;
0x00EC	0x01AC      	CLRF       _short_Timer
;12f675-PwmFet.mpas,154 :: 		Delay_10ms;
0x00ED	0x203E      	CALL       _Delay_10ms
;12f675-PwmFet.mpas,156 :: 		while True do begin
L__main25:
0x00EE	0x1283      	BCF        STATUS, 5
;12f675-PwmFet.mpas,157 :: 		if VOut5=0 then begin
0x00EF	0x1985      	BTFSC      GP3_bit, BitPos(GP3_bit+0)
0x00F0	0x28F6      	GOTO       L__main30
;12f675-PwmFet.mpas,158 :: 		vTarget:=c051;
0x00F1	0x3029      	MOVLW      41
0x00F2	0x00AE      	MOVWF      _vTarget
0x00F3	0x3001      	MOVLW      1
0x00F4	0x00AF      	MOVWF      _vTarget+1
;12f675-PwmFet.mpas,159 :: 		end else begin
0x00F5	0x28FA      	GOTO       L__main31
L__main30:
;12f675-PwmFet.mpas,160 :: 		vTarget:=c138;
0x00F6	0x3023      	MOVLW      35
0x00F7	0x00AE      	MOVWF      _vTarget
0x00F8	0x3003      	MOVLW      3
0x00F9	0x00AF      	MOVWF      _vTarget+1
;12f675-PwmFet.mpas,161 :: 		end;
L__main31:
;12f675-PwmFet.mpas,163 :: 		if (not out_short) and Delay1ms(ADC_Timer,ADC_Delay) then begin
0x00FA	0x0930      	COMF       _out_short, 0
0x00FB	0x00B8      	MOVWF      FLOC__main
0x00FC	0x302D      	MOVLW      _ADC_Timer
0x00FD	0x00B9      	MOVWF      FARG_Delay1ms_t
0x00FE	0x0823      	MOVF       _ADC_Delay, 0
0x00FF	0x00BA      	MOVWF      FARG_Delay1ms_limit
0x0100	0x204A      	CALL       _Delay1ms
0x0101	0x0838      	MOVF       FLOC__main, 0
0x0102	0x05D0      	ANDWF      R0, 1
0x0103	0x1903      	BTFSC      STATUS, 2
0x0104	0x2981      	GOTO       L__main33
;12f675-PwmFet.mpas,164 :: 		adc_vol:=ADC_Read(1);
0x0105	0x3001      	MOVLW      1
0x0106	0x00B9      	MOVWF      FARG_ADC_Read_channel
0x0107	0x2077      	CALL       _ADC_Read
0x0108	0x0850      	MOVF       R0, 0
0x0109	0x00AA      	MOVWF      _adc_vol
0x010A	0x0851      	MOVF       R0+1, 0
0x010B	0x00AB      	MOVWF      _adc_vol+1
;12f675-PwmFet.mpas,165 :: 		if (VOL_PWM>PWM_LOW) and (adc_vol<cLow) and short_check then begin
0x010C	0x0834      	MOVF       _VOL_PWM, 0
0x010D	0x3C00      	SUBLW      0
0x010E	0x30FF      	MOVLW      255
0x010F	0x1803      	BTFSC      STATUS, 0
0x0110	0x3000      	MOVLW      0
0x0111	0x00D3      	MOVWF      R3
0x0112	0x3000      	MOVLW      0
0x0113	0x0251      	SUBWF      R0+1, 0
0x0114	0x1D03      	BTFSS      STATUS, 2
0x0115	0x2918      	GOTO       L__main87
0x0116	0x3011      	MOVLW      17
0x0117	0x0250      	SUBWF      R0, 0
L__main87:
0x0118	0x30FF      	MOVLW      255
0x0119	0x1803      	BTFSC      STATUS, 0
0x011A	0x3000      	MOVLW      0
0x011B	0x00D2      	MOVWF      R2
0x011C	0x0852      	MOVF       R2, 0
0x011D	0x0553      	ANDWF      R3, 0
0x011E	0x00D0      	MOVWF      R0
0x011F	0x0821      	MOVF       _short_check, 0
0x0120	0x05D0      	ANDWF      R0, 1
0x0121	0x1903      	BTFSC      STATUS, 2
0x0122	0x292B      	GOTO       L__main36
;12f675-PwmFet.mpas,166 :: 		VOL_PWM:=0;
0x0123	0x01B4      	CLRF       _VOL_PWM
;12f675-PwmFet.mpas,167 :: 		out_short:=True;
0x0124	0x30FF      	MOVLW      255
0x0125	0x00B0      	MOVWF      _out_short
;12f675-PwmFet.mpas,168 :: 		out_timer:=TICK_1000;
0x0126	0x0831      	MOVF       _TICK_1000, 0
0x0127	0x00A7      	MOVWF      _out_timer
;12f675-PwmFet.mpas,169 :: 		out_488:=10;         // 2 seconds
0x0128	0x300A      	MOVLW      10
0x0129	0x00A6      	MOVWF      _out_488
;12f675-PwmFet.mpas,170 :: 		end else begin
0x012A	0x2980      	GOTO       L__main37
L__main36:
;12f675-PwmFet.mpas,171 :: 		if adc_vol<vTarget then begin
0x012B	0x082F      	MOVF       _vTarget+1, 0
0x012C	0x022B      	SUBWF      _adc_vol+1, 0
0x012D	0x1D03      	BTFSS      STATUS, 2
0x012E	0x2931      	GOTO       L__main88
0x012F	0x082E      	MOVF       _vTarget, 0
0x0130	0x022A      	SUBWF      _adc_vol, 0
L__main88:
0x0131	0x1803      	BTFSC      STATUS, 0
0x0132	0x2950      	GOTO       L__main39
;12f675-PwmFet.mpas,172 :: 		adc_diff:=(vTarget-adc_vol) div cAdc_divider;
0x0133	0x082A      	MOVF       _adc_vol, 0
0x0134	0x022E      	SUBWF      _vTarget, 0
0x0135	0x00D0      	MOVWF      R0
0x0136	0x082B      	MOVF       _adc_vol+1, 0
0x0137	0x1C03      	BTFSS      STATUS, 0
0x0138	0x3E01      	ADDLW      1
0x0139	0x022F      	SUBWF      _vTarget+1, 0
0x013A	0x00D1      	MOVWF      R0+1
0x013B	0x300E      	MOVLW      14
0x013C	0x00D4      	MOVWF      R4
0x013D	0x01D5      	CLRF       R4+1
0x013E	0x20A1      	CALL       _Div_16x16_U
0x013F	0x0850      	MOVF       R0, 0
0x0140	0x00A8      	MOVWF      _adc_diff
0x0141	0x0851      	MOVF       R0+1, 0
0x0142	0x00A9      	MOVWF      _adc_diff+1
;12f675-PwmFet.mpas,173 :: 		if VOL_PWM<=PWM_MAX-lo(adc_diff) then
0x0143	0x0828      	MOVF       _adc_diff, 0
0x0144	0x3CFF      	SUBLW      255
0x0145	0x00D1      	MOVWF      R1
0x0146	0x0834      	MOVF       _VOL_PWM, 0
0x0147	0x0251      	SUBWF      R1, 0
0x0148	0x1C03      	BTFSS      STATUS, 0
0x0149	0x294D      	GOTO       L__main42
;12f675-PwmFet.mpas,174 :: 		VOL_PWM:=VOL_PWM+lo(adc_diff)
0x014A	0x0828      	MOVF       _adc_diff, 0
0x014B	0x07B4      	ADDWF      _VOL_PWM, 1
0x014C	0x294F      	GOTO       L__main43
;12f675-PwmFet.mpas,175 :: 		else
L__main42:
;12f675-PwmFet.mpas,176 :: 		VOL_PWM:=PWM_MAX;
0x014D	0x30FF      	MOVLW      255
0x014E	0x00B4      	MOVWF      _VOL_PWM
L__main43:
;12f675-PwmFet.mpas,177 :: 		end else if adc_vol>vTarget then begin
0x014F	0x2973      	GOTO       L__main40
L__main39:
0x0150	0x082B      	MOVF       _adc_vol+1, 0
0x0151	0x022F      	SUBWF      _vTarget+1, 0
0x0152	0x1D03      	BTFSS      STATUS, 2
0x0153	0x2956      	GOTO       L__main89
0x0154	0x082A      	MOVF       _adc_vol, 0
0x0155	0x022E      	SUBWF      _vTarget, 0
L__main89:
0x0156	0x1803      	BTFSC      STATUS, 0
0x0157	0x2973      	GOTO       L__main45
;12f675-PwmFet.mpas,178 :: 		adc_diff:=(adc_vol-vTarget) div cAdc_divider;
0x0158	0x082E      	MOVF       _vTarget, 0
0x0159	0x022A      	SUBWF      _adc_vol, 0
0x015A	0x00D0      	MOVWF      R0
0x015B	0x082F      	MOVF       _vTarget+1, 0
0x015C	0x1C03      	BTFSS      STATUS, 0
0x015D	0x3E01      	ADDLW      1
0x015E	0x022B      	SUBWF      _adc_vol+1, 0
0x015F	0x00D1      	MOVWF      R0+1
0x0160	0x300E      	MOVLW      14
0x0161	0x00D4      	MOVWF      R4
0x0162	0x01D5      	CLRF       R4+1
0x0163	0x20A1      	CALL       _Div_16x16_U
0x0164	0x0850      	MOVF       R0, 0
0x0165	0x00A8      	MOVWF      _adc_diff
0x0166	0x0851      	MOVF       R0+1, 0
0x0167	0x00A9      	MOVWF      _adc_diff+1
;12f675-PwmFet.mpas,179 :: 		if VOL_PWM>=PWM_LOW+lo(adc_diff) then
0x0168	0x0828      	MOVF       _adc_diff, 0
0x0169	0x0234      	SUBWF      _VOL_PWM, 0
0x016A	0x1C03      	BTFSS      STATUS, 0
0x016B	0x296F      	GOTO       L__main48
;12f675-PwmFet.mpas,180 :: 		VOL_PWM:=VOL_PWM-lo(adc_diff)
0x016C	0x0828      	MOVF       _adc_diff, 0
0x016D	0x02B4      	SUBWF      _VOL_PWM, 1
0x016E	0x2970      	GOTO       L__main49
;12f675-PwmFet.mpas,181 :: 		else
L__main48:
;12f675-PwmFet.mpas,182 :: 		VOL_PWM:=PWM_LOW;
0x016F	0x01B4      	CLRF       _VOL_PWM
L__main49:
;12f675-PwmFet.mpas,183 :: 		if VCharge=0 then
0x0170	0x1A05      	BTFSC      GP4_bit, BitPos(GP4_bit+0)
0x0171	0x2973      	GOTO       L__main51
;12f675-PwmFet.mpas,184 :: 		VOL_PWM:=0;
0x0172	0x01B4      	CLRF       _VOL_PWM
L__main51:
;12f675-PwmFet.mpas,185 :: 		end;
L__main45:
L__main40:
;12f675-PwmFet.mpas,186 :: 		short_check:=Delay1ms(short_Timer,short_count);
0x0173	0x302C      	MOVLW      _short_Timer
0x0174	0x00B9      	MOVWF      FARG_Delay1ms_t
0x0175	0x0822      	MOVF       _short_count, 0
0x0176	0x00BA      	MOVWF      FARG_Delay1ms_limit
0x0177	0x204A      	CALL       _Delay1ms
0x0178	0x0850      	MOVF       R0, 0
0x0179	0x00A1      	MOVWF      _short_check
;12f675-PwmFet.mpas,187 :: 		if short_check then
0x017A	0x0850      	MOVF       R0, 0
0x017B	0x1903      	BTFSC      STATUS, 2
0x017C	0x297E      	GOTO       L__main54
;12f675-PwmFet.mpas,188 :: 		short_count:=0;
0x017D	0x01A2      	CLRF       _short_count
L__main54:
;12f675-PwmFet.mpas,189 :: 		LED1_tm:=240;
0x017E	0x30F0      	MOVLW      240
0x017F	0x00B3      	MOVWF      _LED1_tm
;12f675-PwmFet.mpas,190 :: 		end;
L__main37:
;12f675-PwmFet.mpas,191 :: 		end else
0x0180	0x2998      	GOTO       L__main34
L__main33:
;12f675-PwmFet.mpas,192 :: 		if out_short then begin
0x0181	0x0830      	MOVF       _out_short, 0
0x0182	0x1903      	BTFSC      STATUS, 2
0x0183	0x2998      	GOTO       L__main57
;12f675-PwmFet.mpas,193 :: 		if Delay1ms(out_timer,100) then begin
0x0184	0x3027      	MOVLW      _out_timer
0x0185	0x00B9      	MOVWF      FARG_Delay1ms_t
0x0186	0x3064      	MOVLW      100
0x0187	0x00BA      	MOVWF      FARG_Delay1ms_limit
0x0188	0x204A      	CALL       _Delay1ms
0x0189	0x0850      	MOVF       R0, 0
0x018A	0x1903      	BTFSC      STATUS, 2
0x018B	0x2998      	GOTO       L__main60
;12f675-PwmFet.mpas,194 :: 		Dec(out_488);
0x018C	0x03A6      	DECF       _out_488, 1
;12f675-PwmFet.mpas,195 :: 		if out_488=0 then begin
0x018D	0x0826      	MOVF       _out_488, 0
0x018E	0x3A00      	XORLW      0
0x018F	0x1D03      	BTFSS      STATUS, 2
0x0190	0x2998      	GOTO       L__main63
;12f675-PwmFet.mpas,196 :: 		out_short:=False;
0x0191	0x01B0      	CLRF       _out_short
;12f675-PwmFet.mpas,197 :: 		short_Timer:=TICK_1000;
0x0192	0x0831      	MOVF       _TICK_1000, 0
0x0193	0x00AC      	MOVWF      _short_Timer
;12f675-PwmFet.mpas,198 :: 		short_count:=cShort_Recover;
0x0194	0x300E      	MOVLW      14
0x0195	0x00A2      	MOVWF      _short_count
;12f675-PwmFet.mpas,199 :: 		short_check:=False;
0x0196	0x01A1      	CLRF       _short_check
;12f675-PwmFet.mpas,200 :: 		VOL_PWM:=0;
0x0197	0x01B4      	CLRF       _VOL_PWM
;12f675-PwmFet.mpas,201 :: 		end;
L__main63:
;12f675-PwmFet.mpas,202 :: 		end;
L__main60:
;12f675-PwmFet.mpas,203 :: 		end;
L__main57:
L__main34:
;12f675-PwmFet.mpas,205 :: 		if (VOL_PWM=PWM_MAX) or (VOL_PWM=0) then begin
0x0198	0x0834      	MOVF       _VOL_PWM, 0
0x0199	0x3AFF      	XORLW      255
0x019A	0x30FF      	MOVLW      255
0x019B	0x1D03      	BTFSS      STATUS, 2
0x019C	0x3000      	MOVLW      0
0x019D	0x00D1      	MOVWF      R1
0x019E	0x0834      	MOVF       _VOL_PWM, 0
0x019F	0x3A00      	XORLW      0
0x01A0	0x30FF      	MOVLW      255
0x01A1	0x1D03      	BTFSS      STATUS, 2
0x01A2	0x3000      	MOVLW      0
0x01A3	0x00D0      	MOVWF      R0
0x01A4	0x0851      	MOVF       R1, 0
0x01A5	0x04D0      	IORWF      R0, 1
0x01A6	0x1903      	BTFSC      STATUS, 2
0x01A7	0x29C2      	GOTO       L__main66
;12f675-PwmFet.mpas,206 :: 		if (VCharge=0) and (VOL_PWM=0) then begin
0x01A8	0x1283      	BCF        STATUS, 5
0x01A9	0x1A05      	BTFSC      GP4_bit, BitPos(GP4_bit+0)
0x01AA	0x29AD      	GOTO       L__main90
0x01AB	0x1454      	BSF        R4, 0
0x01AC	0x29AE      	GOTO       L__main91
L__main90:
0x01AD	0x1054      	BCF        R4, 0
L__main91:
0x01AE	0x0834      	MOVF       _VOL_PWM, 0
0x01AF	0x3A00      	XORLW      0
0x01B0	0x30FF      	MOVLW      255
0x01B1	0x1D03      	BTFSS      STATUS, 2
0x01B2	0x3000      	MOVLW      0
0x01B3	0x00D1      	MOVWF      R1
0x01B4	0x01D0      	CLRF       R0
0x01B5	0x1854      	BTFSC      R4, 0
0x01B6	0x0AD0      	INCF       R0, 1
0x01B7	0x0851      	MOVF       R1, 0
0x01B8	0x05D0      	ANDWF      R0, 1
0x01B9	0x1903      	BTFSC      STATUS, 2
0x01BA	0x29C0      	GOTO       L__main69
;12f675-PwmFet.mpas,207 :: 		LED_TMCount:=1;
0x01BB	0x3001      	MOVLW      1
0x01BC	0x00A4      	MOVWF      _LED_TMCount
;12f675-PwmFet.mpas,208 :: 		LED1_tm:=240;
0x01BD	0x30F0      	MOVLW      240
0x01BE	0x00B3      	MOVWF      _LED1_tm
;12f675-PwmFet.mpas,209 :: 		end else
0x01BF	0x29C2      	GOTO       L__main70
L__main69:
;12f675-PwmFet.mpas,210 :: 		LED1_tm:=128;
0x01C0	0x3080      	MOVLW      128
0x01C1	0x00B3      	MOVWF      _LED1_tm
L__main70:
;12f675-PwmFet.mpas,211 :: 		end;
L__main66:
;12f675-PwmFet.mpas,213 :: 		if not LED1_Toggle then begin
0x01C2	0x0936      	COMF       _LED1_Toggle, 0
0x01C3	0x00D0      	MOVWF      R0
0x01C4	0x1903      	BTFSC      STATUS, 2
0x01C5	0x29CA      	GOTO       L__main72
;12f675-PwmFet.mpas,214 :: 		LED1_Toggle:=True;
0x01C6	0x30FF      	MOVLW      255
0x01C7	0x00B6      	MOVWF      _LED1_Toggle
;12f675-PwmFet.mpas,215 :: 		LED1_Timer:=TICK_1000;
0x01C8	0x0831      	MOVF       _TICK_1000, 0
0x01C9	0x00A5      	MOVWF      _LED1_Timer
;12f675-PwmFet.mpas,216 :: 		end;
L__main72:
;12f675-PwmFet.mpas,217 :: 		if LED1_Toggle and Delay1ms(LED1_Timer,LED1_tm) then begin
0x01CA	0x3025      	MOVLW      _LED1_Timer
0x01CB	0x00B9      	MOVWF      FARG_Delay1ms_t
0x01CC	0x0833      	MOVF       _LED1_tm, 0
0x01CD	0x00BA      	MOVWF      FARG_Delay1ms_limit
0x01CE	0x204A      	CALL       _Delay1ms
0x01CF	0x0836      	MOVF       _LED1_Toggle, 0
0x01D0	0x05D0      	ANDWF      R0, 1
0x01D1	0x1903      	BTFSC      STATUS, 2
0x01D2	0x29DF      	GOTO       L__main75
;12f675-PwmFet.mpas,218 :: 		if LED_TMCount>0 then
0x01D3	0x0824      	MOVF       _LED_TMCount, 0
0x01D4	0x3C00      	SUBLW      0
0x01D5	0x1803      	BTFSC      STATUS, 0
0x01D6	0x29D8      	GOTO       L__main78
;12f675-PwmFet.mpas,219 :: 		Dec(LED_TMCount);
0x01D7	0x03A4      	DECF       _LED_TMCount, 1
L__main78:
;12f675-PwmFet.mpas,220 :: 		if LED_TMCount=0 then begin
0x01D8	0x0824      	MOVF       _LED_TMCount, 0
0x01D9	0x3A00      	XORLW      0
0x01DA	0x1D03      	BTFSS      STATUS, 2
0x01DB	0x29DF      	GOTO       L__main81
;12f675-PwmFet.mpas,221 :: 		LED1:=not LED1;
0x01DC	0x1283      	BCF        STATUS, 5
0x01DD	0x3004      	MOVLW      4
0x01DE	0x0685      	XORWF      GP2_bit, 1
;12f675-PwmFet.mpas,222 :: 		end;
L__main81:
;12f675-PwmFet.mpas,223 :: 		end;
L__main75:
;12f675-PwmFet.mpas,225 :: 		end;
0x01DF	0x28EE      	GOTO       L__main25
;12f675-PwmFet.mpas,226 :: 		end.
L_end_main:
0x01E0	0x29E0      	GOTO       $+0
; end of _main
Symbol List:
//** Routines locations **
//ADDRESS    SIZE    PROCEDURE
//----------------------------------------------
0x0004      [52]    _Interrupt
0x0038       [6]    _Delay_22us
0x003E      [12]    _Delay_10ms
0x004A      [45]    _Delay1ms
0x0077      [42]    _ADC_Read
0x00A1      [29]    _Div_16x16_U
0x00BE     [291]    _main
//** Variables locations ** 
//ADDRESS    SIZE    VARIABLE
//----------------------------------------------
0x0001       [1]    TMR0
0x0003       [1]    STATUS
0x0005       [0]    PWM_SYNC
0x0005       [0]    GP0_bit
0x0005       [0]    GP2_bit
0x0005       [0]    VOut5
0x0005       [0]    GP4_bit
0x0005       [0]    GP3_bit
0x0005       [0]    VCharge
0x0005       [0]    PWM_SIG
0x0005       [0]    LED1
0x0005       [0]    GP5_bit
0x000B       [0]    TMR0IE_bit
0x000B       [0]    T0IF_bit
0x000B       [0]    GIE_bit
0x000B       [0]    PEIE_bit
0x000C       [0]    T1IF_bit
0x000E       [1]    TMR1L
0x000F       [1]    TMR1H
0x0010       [0]    TMR1ON_bit
0x0010       [0]    TMR1CS_bit
0x0019       [1]    CMCON
0x001E       [1]    ADRESH
0x001F       [1]    ADCON0
0x0021       [1]    _short_check
0x0022       [1]    _short_count
0x0023       [1]    _ADC_Delay
0x0024       [1]    _LED_TMCount
0x0025       [1]    _LED1_Timer
0x0026       [1]    _out_488
0x0027       [1]    _out_timer
0x0028       [2]    _adc_diff
0x002A       [2]    _adc_vol
0x002C       [1]    _short_Timer
0x002D       [1]    _ADC_Timer
0x002E       [2]    _vTarget
0x0030       [1]    _out_short
0x0031       [1]    _TICK_1000
0x0032       [1]    ___savePCLATH
0x0033       [1]    _LED1_tm
0x0034       [1]    _VOL_PWM
0x0035       [1]    _ON_PWM
0x0036       [1]    _LED1_Toggle
0x0037       [1]    ___saveSTATUS
0x0038       [1]    FLOC__main
0x0039       [1]    FARG_ADC_Read_channel
0x0039       [1]    FARG_Delay1ms_t
0x003A       [2]    ADC_Read_local_result
0x003A       [1]    FARG_Delay1ms_limit
0x0050       [1]    R0
0x0051       [1]    R1
0x0052       [1]    R2
0x0053       [1]    R3
0x0054       [1]    R4
0x0055       [1]    R5
0x0056       [1]    R6
0x0057       [1]    R7
0x0058       [1]    R8
0x0059       [1]    R9
0x005A       [1]    R10
0x005B       [1]    R11
0x005C       [1]    R12
0x005D       [1]    R13
0x005E       [1]    R14
0x005F       [1]    R15
0x0081       [1]    OPTION_REG
0x0085       [0]    TRISIO5_bit
0x0085       [0]    TRISIO0_bit
0x0085       [0]    TRISIO2_bit
0x0085       [0]    TRISIO1_bit
0x008C       [0]    TMR1IE_bit
0x0095       [0]    WPU4_bit
0x009E       [1]    ADRESL
0x009F       [1]    ANSEL
//** Label List: ** 
//----------------------------------------------
  L_end__Interrupt
  L__Interrupt1
  L__Interrupt2
  L__Interrupt3
  L__Interrupt4
  L__Interrupt5
  L__Interrupt6
  L__Interrupt7
  L__Interrupt8
  L__Interrupt9
  L__Interrupt10
  L__Interrupt11
  L__Interrupt12
  L_end__Delay1ms
  L__Delay1ms14
  L__Delay1ms15
  L__Delay1ms16
  L__Delay1ms17
  L__Delay1ms18
  L__Delay1ms19
  L__Delay1ms20
  L__Delay1ms21
  L__Delay1ms22
  L_end__main
  L__main24
  L__main25
  L__main26
  L__main27
  L__main28
  L__main29
  L__main30
  L__main31
  L__main32
  L__main33
  L__main34
  L__main35
  L__main36
  L__main37
  L__main38
  L__main39
  L__main40
  L__main41
  L__main42
  L__main43
  L__main44
  L__main45
  L__main46
  L__main47
  L__main48
  L__main49
  L__main50
  L__main51
  L__main52
  L__main53
  L__main54
  L__main55
  L__main56
  L__main57
  L__main58
  L__main59
  L__main60
  L__main61
  L__main62
  L__main63
  L__main64
  L__main65
  L__main66
  L__main67
  L__main68
  L__main69
  L__main70
  L__main71
  L__main72
  L__main73
  L__main74
  L__main75
  L__main76
  L__main77
  L__main78
  L__main79
  L__main80
  L__main81
  L__main82
  L_end_Interrupt
  _Interrupt
  L__Interrupt84
  L_end_Delay1ms
  _Delay1ms
  L_end_main
  _main
  L__main87
  L__main88
  L__main89
  L__main90
  L__main91
  L_end__ADC_Init
  L_end__ADC_Get_Sample
  L__ADC_Get_Sample2
  L__ADC_Get_Sample3
  L__ADC_Get_Sample4
  L__ADC_Get_Sample5
  L__ADC_Get_Sample6
  L_end__ADC_Read
  L__ADC_Read8
  L__ADC_Read9
  L__ADC_Read10
  L__ADC_Read11
  L__ADC_Read12
  L_end_ADC_Init
  _ADC_Init
  L_end_ADC_Get_Sample
  _ADC_Get_Sample
  L_end_ADC_Read
  _ADC_Read
  L_end__Get_Fosc_kHz
  L_end__Delay_1us
  L_end__Delay_10us
  L__Delay_10us3
  L_end__Delay_22us
  L__Delay_22us5
  L_end__Delay_50us
  L__Delay_50us7
  L_end__Delay_80us
  L__Delay_80us9
  L_end__Delay_500us
  L__Delay_500us11
  L_end__Delay_5500us
  L__Delay_5500us13
  L_end__Delay_1ms
  L__Delay_1ms15
  L_end__Delay_5ms
  L__Delay_5ms17
  L_end__Delay_8ms
  L__Delay_8ms19
  L_end__Delay_100ms
  L__Delay_100ms21
  L_end__Delay_10ms
  L__Delay_10ms23
  L_end__Delay_1sec
  L__Delay_1sec25
  L_end__Delay_Cyc
  L__Delay_Cyc27
  L__Delay_Cyc28
  L__Delay_Cyc29
  L__Delay_Cyc30
  L__Delay_Cyc31
  L_end__VDelay_ms
  L__VDelay_ms33
  L__VDelay_ms34
  L__VDelay_ms35
  L__VDelay_ms36
  L__VDelay_ms37
  L__VDelay_ms38
  L__VDelay_ms39
  L__VDelay_ms40
  L_end__VDelay_Advanced_ms
  L__VDelay_Advanced_ms42
  L__VDelay_Advanced_ms43
  L__VDelay_Advanced_ms44
  L__VDelay_Advanced_ms45
  L__VDelay_Advanced_ms46
  L__VDelay_Advanced_ms47
  L__VDelay_Advanced_ms48
  L__VDelay_Advanced_ms49
  L_end_Get_Fosc_kHz
  _Get_Fosc_kHz
  L_end_Delay_1us
  _Delay_1us
  L_end_Delay_10us
  _Delay_10us
  L_end_Delay_22us
  _Delay_22us
  L_end_Delay_50us
  _Delay_50us
  L_end_Delay_80us
  _Delay_80us
  L_end_Delay_500us
  _Delay_500us
  L_end_Delay_5500us
  _Delay_5500us
  L_end_Delay_1ms
  _Delay_1ms
  L_end_Delay_5ms
  _Delay_5ms
  L_end_Delay_8ms
  _Delay_8ms
  L_end_Delay_100ms
  _Delay_100ms
  L_end_Delay_10ms
  _Delay_10ms
  L_end_Delay_1sec
  _Delay_1sec
  L_end_Delay_Cyc
  _Delay_Cyc
  L_end_VDelay_ms
  _VDelay_ms
  L__VDelay_ms66
  L__VDelay_ms67
  L__VDelay_ms68
  L__VDelay_ms69
  L_end_VDelay_Advanced_ms
  _VDelay_Advanced_ms
  L__VDelay_Advanced_ms71
  L__VDelay_Advanced_ms72
  L__VDelay_Advanced_ms73
  L__VDelay_Advanced_ms74
  L_end__Mul_8x8_U
  L_end__Mul_16x16_U
  L_end__Div_8x8_U
  L__Div_8x8_U3
  L__Div_8x8_U4
  L__Div_8x8_U5
  L_end__Div_16x16_U
  L_end__Mul_8x8_S
  L_end__Mul_16x16_S
  L_end__Div_16x16_S_L
  L_end__Div_16x16_S
  L__Div_16x16_S11
  L__Div_16x16_S12
  L__Div_16x16_S13
  L__Div_16x16_S14
  L__Div_16x16_S15
  L__Div_16x16_S16
  L_end__Div_8x8_S
  L_end__SDIV3232L
  LOOPS3232A
  SADD22LA
  SOK22LA
  SADD22L8
  SOK22L8
  LOOPS3232B
  SADD22LB
  SOK22LB
  SADD22L16
  SOK22L16
  LOOPS3232C
  SADD22LC
  SOK22LC
  SADD22L24
  SOK22L24
  LOOPS3232D
  SADD22LD
  SOK22LD
  SOK22L
  L_end__COMFREM
  L_end__Div_32x32_S
  L__Div_32x32_S25
  L__Div_32x32_S26
  L__Div_32x32_S27
  L__Div_32x32_S28
  L__Div_32x32_S29
  L__Div_32x32_S30
  L__Div_32x32_S31
  L__Div_32x32_S32
  L__Div_32x32_S33
  L__Div_32x32_S34
  L__Div_32x32_S35
  L__Div_32x32_S36
  FXD3232S
  END_ALL
  CA3232S
  C3232SX
  C3232SX1
  C3232S
  C3232S2
  C3232SX4
  C3232SOK
  C3232SX3
  C3232SX2
  avoid_comfrem
  L_end__Div_32x32_U
  LOOPU3232A
  UADD22LA
  UOK22LA
  UADD22L8
  UOK22L8
  LOOPU3232B
  UADD22LB
  UOK22LB
  UADD22L16
  UOK22L16
  LOOPU3232C
  UADD22LC
  UOK22LC
  UADD22L24
  UOK22L24
  LOOPU3232D
  UADD22LD
  UOK22LD
  UOK22L
  L_end__Mul_32x32_U
  _NEXT
  _EXIT2
  _LOOP
  _EXIT1
  L_end__Mul_32x32_S
  _IF_FIRST
  _IF_SECOND
  _INVERCE_FIRST
  _MULT
  _INBERSE_SECOND
  _EXIT
  L_end_Mul_8x8_U
  _Mul_8x8_U
  L_end_Mul_16x16_U
  _Mul_16x16_U
  L_end_Div_8x8_U
  _Div_8x8_U
  L_end_Div_16x16_U
  _Div_16x16_U
  L_end_Mul_8x8_S
  _Mul_8x8_S
  L_end_Mul_16x16_S
  _Mul_16x16_S
  L_end_Div_16x16_S_L
  _Div_16x16_S_L
  L_end_Div_16x16_S
  _Div_16x16_S
  L_end_Div_8x8_S
  _Div_8x8_S
  L_end_SDIV3232L
  _SDIV3232L
  L_end_COMFREM
  _COMFREM
  L_end_Div_32x32_S
  _Div_32x32_S
  L_end_Div_32x32_U
  _Div_32x32_U
  L_end_Mul_32x32_U
  _Mul_32x32_U
  L_end_Mul_32x32_S
  _Mul_32x32_S
  L_end__Interrupt
  L__Interrupt1
  L__Interrupt2
  L__Interrupt3
  L__Interrupt4
  L__Interrupt5
  L__Interrupt6
  L__Interrupt7
  L__Interrupt8
  L__Interrupt9
  L__Interrupt10
  L__Interrupt11
  L__Interrupt12
  L_end__Delay1ms
  L__Delay1ms14
  L__Delay1ms15
  L__Delay1ms16
  L__Delay1ms17
  L__Delay1ms18
  L__Delay1ms19
  L__Delay1ms20
  L__Delay1ms21
  L__Delay1ms22
  L_end__main
  L__main24
  L__main25
  L__main26
  L__main27
  L__main28
  L__main29
  L__main30
  L__main31
  L__main32
  L__main33
  L__main34
  L__main35
  L__main36
  L__main37
  L__main38
  L__main39
  L__main40
  L__main41
  L__main42
  L__main43
  L__main44
  L__main45
  L__main46
  L__main47
  L__main48
  L__main49
  L__main50
  L__main51
  L__main52
  L__main53
  L__main54
  L__main55
  L__main56
  L__main57
  L__main58
  L__main59
  L__main60
  L__main61
  L__main62
  L__main63
  L__main64
  L__main65
  L__main66
  L__main67
  L__main68
  L__main69
  L__main70
  L__main71
  L__main72
  L__main73
  L__main74
  L__main75
  L__main76
  L__main77
  L__main78
  L__main79
  L__main80
  L__main81
  L__main82
  L_end_Interrupt
  _Interrupt
  L__Interrupt84
  L_end_Delay1ms
  _Delay1ms
  L_end_main
  _main
  L__main87
  L__main88
  L__main89
  L__main90
  L__main91
